starting build

**********************************************************************

Test build
build xv6 using make

**********************************************************************
Trying to build project using make
make
make: Nothing to be done for 'all'.


test build PASSED
 (build xv6 using make)

starting clone_basic

**********************************************************************

Test clone_basic
test for basic functionailty of clone(), with no cleanup

**********************************************************************
Running xv6 user progam /u/c/s/cs537-1/ta/tests/4b-new/ctests/clone_basic.c
Trying to build project using make
make
gcc  -I include -nostdinc -Wall -Werror -ggdb -fno-pic -fno-builtin -fno-strict-aliasing -fno-stack-protector -m32 \
	-M -MG user/tester.c -MF user/tester.d -MT user/tester.d -MT user/tester.o
gcc  -I include -nostdinc -Wall -Werror -ggdb -fno-pic -fno-builtin -fno-strict-aliasing -fno-stack-protector -m32 -c -o user/tester.o user/tester.c
ld  -m    elf_i386 -nostdlib --omagic --entry=main --section-start=.text=0x0 --output=user/bin/tester user/tester.o user/ulib.o user/usys.o user/printf.o user/umalloc.o
cp user/bin/tester fs/tester
./tools/mkfs fs.img fs
used 29 (bit 1 ninode 26) free 29 total 1024
mkdir
ls
rm
usertests
stressfs
ln
cat
sh
init
README
wc
echo
kill
zombie
grep
tester
balloc: first 458 blocks have been allocated
balloc: write bitmap block at sector 28
rm user/bin/tester
make qemu-nox 
Ctrl+a h for help
/u/c/s/cs537-1/ta/tools/qemu -nographic -drive file=fs.img,index=1,media=disk,format=raw -drive file=xv6.img,index=0,media=disk,format=raw -smp 2
xv6...
lapicinit: 1 0xfee00000
cpu1: starting
cpu0: starting
init: starting sh
$ tester
tester
PASSED TEST!


test clone_basic PASSED (10 of 10)
 (test for basic functionailty of clone(), with no cleanup)

starting clone_parent_sleep

**********************************************************************

Test clone_parent_sleep
test for clone() and join() where the thread terminates before join() is called

**********************************************************************
Running xv6 user progam /u/c/s/cs537-1/ta/tests/4b-new/ctests/clone_parent_sleep.c
Trying to build project using make
make
gcc  -I include -nostdinc -Wall -Werror -ggdb -fno-pic -fno-builtin -fno-strict-aliasing -fno-stack-protector -m32 \
	-M -MG user/tester.c -MF user/tester.d -MT user/tester.d -MT user/tester.o
gcc  -I include -nostdinc -Wall -Werror -ggdb -fno-pic -fno-builtin -fno-strict-aliasing -fno-stack-protector -m32 -c -o user/tester.o user/tester.c
ld  -m    elf_i386 -nostdlib --omagic --entry=main --section-start=.text=0x0 --output=user/bin/tester user/tester.o user/ulib.o user/usys.o user/printf.o user/umalloc.o
cp user/bin/tester fs/tester
./tools/mkfs fs.img fs
used 29 (bit 1 ninode 26) free 29 total 1024
mkdir
ls
rm
usertests
stressfs
ln
cat
sh
init
README
wc
echo
kill
zombie
grep
tester
balloc: first 458 blocks have been allocated
balloc: write bitmap block at sector 28
rm user/bin/tester
make qemu-nox 
Ctrl+a h for help
/u/c/s/cs537-1/ta/tools/qemu -nographic -drive file=fs.img,index=1,media=disk,format=raw -drive file=xv6.img,index=0,media=disk,format=raw -smp 2
xv6...
lapicinit: 1 0xfee00000
cpu1: starting
cpu0: starting
init: starting sh
$ tester
tester
PASSED TEST!


test clone_parent_sleep PASSED (10 of 10)
 (test for clone() and join() where the thread terminates before join() is called)

starting clone_child_sleep

**********************************************************************

Test clone_child_sleep
basic test for clone() and join()

**********************************************************************
Running xv6 user progam /u/c/s/cs537-1/ta/tests/4b-new/ctests/clone_child_sleep.c
Trying to build project using make
make
gcc  -I include -nostdinc -Wall -Werror -ggdb -fno-pic -fno-builtin -fno-strict-aliasing -fno-stack-protector -m32 \
	-M -MG user/tester.c -MF user/tester.d -MT user/tester.d -MT user/tester.o
gcc  -I include -nostdinc -Wall -Werror -ggdb -fno-pic -fno-builtin -fno-strict-aliasing -fno-stack-protector -m32 -c -o user/tester.o user/tester.c
ld  -m    elf_i386 -nostdlib --omagic --entry=main --section-start=.text=0x0 --output=user/bin/tester user/tester.o user/ulib.o user/usys.o user/printf.o user/umalloc.o
cp user/bin/tester fs/tester
./tools/mkfs fs.img fs
used 29 (bit 1 ninode 26) free 29 total 1024
mkdir
ls
rm
usertests
stressfs
ln
cat
sh
init
README
wc
echo
kill
zombie
grep
tester
balloc: first 459 blocks have been allocated
balloc: write bitmap block at sector 28
rm user/bin/tester
make qemu-nox 
Ctrl+a h for help
/u/c/s/cs537-1/ta/tools/qemu -nographic -drive file=fs.img,index=1,media=disk,format=raw -drive file=xv6.img,index=0,media=disk,format=raw -smp 2
xv6...
lapicinit: 1 0xfee00000
cpu1: starting
cpu0: starting
init: starting sh
$ tester
tester
PASSED TEST!


test clone_child_sleep PASSED (10 of 10)
 (basic test for clone() and join())

starting clone_arguments

**********************************************************************

Test clone_arguments
test for arguments to clone() and join()

**********************************************************************
Running xv6 user progam /u/c/s/cs537-1/ta/tests/4b-new/ctests/clone_arguments.c
Trying to build project using make
make
gcc  -I include -nostdinc -Wall -Werror -ggdb -fno-pic -fno-builtin -fno-strict-aliasing -fno-stack-protector -m32 \
	-M -MG user/tester.c -MF user/tester.d -MT user/tester.d -MT user/tester.o
gcc  -I include -nostdinc -Wall -Werror -ggdb -fno-pic -fno-builtin -fno-strict-aliasing -fno-stack-protector -m32 -c -o user/tester.o user/tester.c
ld  -m    elf_i386 -nostdlib --omagic --entry=main --section-start=.text=0x0 --output=user/bin/tester user/tester.o user/ulib.o user/usys.o user/printf.o user/umalloc.o
cp user/bin/tester fs/tester
./tools/mkfs fs.img fs
used 29 (bit 1 ninode 26) free 29 total 1024
mkdir
ls
rm
usertests
stressfs
ln
cat
sh
init
README
wc
echo
kill
zombie
grep
tester
balloc: first 460 blocks have been allocated
balloc: write bitmap block at sector 28
rm user/bin/tester
make qemu-nox 
Ctrl+a h for help
/u/c/s/cs537-1/ta/tools/qemu -nographic -drive file=fs.img,index=1,media=disk,format=raw -drive file=xv6.img,index=0,media=disk,format=raw -smp 2
xv6...
lapicinit: 1 0xfee00000
cpu1: starting
cpu0: starting
init: starting sh
$ tester
tester
user/tester.c:29 check (*(int *)arg1 == 0xABCDABCD) failed: *arg1 is incorrect
TEST FAILED


test clone_arguments FAILED (0 of 10)
 (test for arguments to clone() and join())
 tester failed

starting clone_bad

**********************************************************************

Test clone_bad
error tests for clone() and join()

**********************************************************************
Running xv6 user progam /u/c/s/cs537-1/ta/tests/4b-new/ctests/clone_bad.c
Trying to build project using make
make
gcc  -I include -nostdinc -Wall -Werror -ggdb -fno-pic -fno-builtin -fno-strict-aliasing -fno-stack-protector -m32 \
	-M -MG user/tester.c -MF user/tester.d -MT user/tester.d -MT user/tester.o
gcc  -I include -nostdinc -Wall -Werror -ggdb -fno-pic -fno-builtin -fno-strict-aliasing -fno-stack-protector -m32 -c -o user/tester.o user/tester.c
ld  -m    elf_i386 -nostdlib --omagic --entry=main --section-start=.text=0x0 --output=user/bin/tester user/tester.o user/ulib.o user/usys.o user/printf.o user/umalloc.o
cp user/bin/tester fs/tester
./tools/mkfs fs.img fs
used 29 (bit 1 ninode 26) free 29 total 1024
mkdir
ls
rm
usertests
stressfs
ln
cat
sh
init
README
wc
echo
kill
zombie
grep
tester
balloc: first 461 blocks have been allocated
balloc: write bitmap block at sector 28
rm user/bin/tester
make qemu-nox 
Ctrl+a h for help
/u/c/s/cs537-1/ta/tools/qemu -nographic -drive file=fs.img,index=1,media=disk,format=raw -drive file=xv6.img,index=0,media=disk,format=raw -smp 2
xv6...
lapicinit: 1 0xfee00000
cpu1: starting
cpu0: starting
init: starting sh
$ tester
tester
PASSED TEST!


test clone_bad PASSED (10 of 10)
 (error tests for clone() and join())

starting clone_return

**********************************************************************

Test clone_return
test for clone() where the thread function returns, requires manual inspection

**********************************************************************
Running xv6 user progam /u/c/s/cs537-1/ta/tests/4b-new/ctests/clone_return.c
Trying to build project using make
make
gcc  -I include -nostdinc -Wall -Werror -ggdb -fno-pic -fno-builtin -fno-strict-aliasing -fno-stack-protector -m32 \
	-M -MG user/tester.c -MF user/tester.d -MT user/tester.d -MT user/tester.o
gcc  -I include -nostdinc -Wall -Werror -ggdb -fno-pic -fno-builtin -fno-strict-aliasing -fno-stack-protector -m32 -c -o user/tester.o user/tester.c
ld  -m    elf_i386 -nostdlib --omagic --entry=main --section-start=.text=0x0 --output=user/bin/tester user/tester.o user/ulib.o user/usys.o user/printf.o user/umalloc.o
cp user/bin/tester fs/tester
./tools/mkfs fs.img fs
used 29 (bit 1 ninode 26) free 29 total 1024
mkdir
ls
rm
usertests
stressfs
ln
cat
sh
init
README
wc
echo
kill
zombie
grep
tester
balloc: first 459 blocks have been allocated
balloc: write bitmap block at sector 28
rm user/bin/tester
make qemu-nox 
Ctrl+a h for help
/u/c/s/cs537-1/ta/tools/qemu -nographic -drive file=fs.img,index=1,media=disk,format=raw -drive file=xv6.img,index=0,media=disk,format=raw -smp 2
xv6...
lapicinit: 1 0xfee00000
cpu1: starting
cpu0: starting
init: starting sh
$ tester
tester
PID 4 should trap to 0xffffffff...
pid 4 tester: trap 14 err 4 on cpu 1 eip 0xe5895500 addr 0xe5895500--kill proc
PID 4 joined. Check manually if the trap succeeded.
PASSED TEST!


test clone_return PASSED (10 of 10)
 (test for clone() where the thread function returns, requires manual inspection)

starting clone_wait

**********************************************************************

Test clone_wait
after clone(), wait() should not succeed

**********************************************************************
Running xv6 user progam /u/c/s/cs537-1/ta/tests/4b-new/ctests/clone_wait.c
Trying to build project using make
make
gcc  -I include -nostdinc -Wall -Werror -ggdb -fno-pic -fno-builtin -fno-strict-aliasing -fno-stack-protector -m32 \
	-M -MG user/tester.c -MF user/tester.d -MT user/tester.d -MT user/tester.o
gcc  -I include -nostdinc -Wall -Werror -ggdb -fno-pic -fno-builtin -fno-strict-aliasing -fno-stack-protector -m32 -c -o user/tester.o user/tester.c
ld  -m    elf_i386 -nostdlib --omagic --entry=main --section-start=.text=0x0 --output=user/bin/tester user/tester.o user/ulib.o user/usys.o user/printf.o user/umalloc.o
cp user/bin/tester fs/tester
./tools/mkfs fs.img fs
used 29 (bit 1 ninode 26) free 29 total 1024
mkdir
ls
rm
usertests
stressfs
ln
cat
sh
init
README
wc
echo
kill
zombie
grep
tester
balloc: first 459 blocks have been allocated
balloc: write bitmap block at sector 28
rm user/bin/tester
make qemu-nox 
Ctrl+a h for help
/u/c/s/cs537-1/ta/tools/qemu -nographic -drive file=fs.img,index=1,media=disk,format=raw -drive file=xv6.img,index=0,media=disk,format=raw -smp 2
xv6...
lapicinit: 1 0xfee00000
cpu1: starting
cpu0: starting
init: starting sh
$ tester
tester
PASSED TEST!


test clone_wait PASSED (10 of 10)
 (after clone(), wait() should not succeed)

starting fork_join

**********************************************************************

Test fork_join
after fork(), join() should not succeed

**********************************************************************
Running xv6 user progam /u/c/s/cs537-1/ta/tests/4b-new/ctests/fork_join.c
Trying to build project using make
make
gcc  -I include -nostdinc -Wall -Werror -ggdb -fno-pic -fno-builtin -fno-strict-aliasing -fno-stack-protector -m32 \
	-M -MG user/tester.c -MF user/tester.d -MT user/tester.d -MT user/tester.o
gcc  -I include -nostdinc -Wall -Werror -ggdb -fno-pic -fno-builtin -fno-strict-aliasing -fno-stack-protector -m32 -c -o user/tester.o user/tester.c
ld  -m    elf_i386 -nostdlib --omagic --entry=main --section-start=.text=0x0 --output=user/bin/tester user/tester.o user/ulib.o user/usys.o user/printf.o user/umalloc.o
cp user/bin/tester fs/tester
./tools/mkfs fs.img fs
used 29 (bit 1 ninode 26) free 29 total 1024
mkdir
ls
rm
usertests
stressfs
ln
cat
sh
init
README
wc
echo
kill
zombie
grep
tester
balloc: first 456 blocks have been allocated
balloc: write bitmap block at sector 28
rm user/bin/tester
make qemu-nox 
Ctrl+a h for help
/u/c/s/cs537-1/ta/tools/qemu -nographic -drive file=fs.img,index=1,media=disk,format=raw -drive file=xv6.img,index=0,media=disk,format=raw -smp 2
xv6...
lapicinit: 1 0xfee00000
cpu1: starting
cpu0: starting
init: starting sh
$ tester
tester


test fork_join FAILED (0 of 10)
 (after fork(), join() should not succeed)
 Timelimit (10.0s) exceeded

starting threads_basic

**********************************************************************

Test threads_basic
basic tests for thread_create() and thread_join()

**********************************************************************
Running xv6 user progam /u/c/s/cs537-1/ta/tests/4b-new/ctests/threads_basic.c
Trying to build project using make
make
gcc  -I include -nostdinc -Wall -Werror -ggdb -fno-pic -fno-builtin -fno-strict-aliasing -fno-stack-protector -m32 \
	-M -MG user/tester.c -MF user/tester.d -MT user/tester.d -MT user/tester.o
gcc  -I include -nostdinc -Wall -Werror -ggdb -fno-pic -fno-builtin -fno-strict-aliasing -fno-stack-protector -m32 -c -o user/tester.o user/tester.c
ld  -m    elf_i386 -nostdlib --omagic --entry=main --section-start=.text=0x0 --output=user/bin/tester user/tester.o user/ulib.o user/usys.o user/printf.o user/umalloc.o
cp user/bin/tester fs/tester
./tools/mkfs fs.img fs
used 29 (bit 1 ninode 26) free 29 total 1024
mkdir
ls
rm
usertests
stressfs
ln
cat
sh
init
README
wc
echo
kill
zombie
grep
tester
balloc: first 460 blocks have been allocated
balloc: write bitmap block at sector 28
rm user/bin/tester
make qemu-nox 
Ctrl+a h for help
/u/c/s/cs537-1/ta/tools/qemu -nographic -drive file=fs.img,index=1,media=disk,format=raw -drive file=xv6.img,index=0,media=disk,format=raw -smp 2
xv6...
lapicinit: 1 0xfee00000
cpu1: starting
cpu0: starting
init: starting sh
$ tester
tester
user/tester.c:35 check (*(int *)arg1 == 0xABCDABCD) failed: *arg1 is incorrect
TEST FAILED

test threads_basic FAILED (0 of 10)
 (basic tests for thread_create() and thread_join())
 tester failed

starting threads_many

**********************************************************************

Test threads_many
create and join many threads

**********************************************************************
Running xv6 user progam /u/c/s/cs537-1/ta/tests/4b-new/ctests/threads_many.c
Trying to build project using make
make
gcc  -I include -nostdinc -Wall -Werror -ggdb -fno-pic -fno-builtin -fno-strict-aliasing -fno-stack-protector -m32 \
	-M -MG user/tester.c -MF user/tester.d -MT user/tester.d -MT user/tester.o
gcc  -I include -nostdinc -Wall -Werror -ggdb -fno-pic -fno-builtin -fno-strict-aliasing -fno-stack-protector -m32 -c -o user/tester.o user/tester.c
ld  -m    elf_i386 -nostdlib --omagic --entry=main --section-start=.text=0x0 --output=user/bin/tester user/tester.o user/ulib.o user/usys.o user/printf.o user/umalloc.o
cp user/bin/tester fs/tester
./tools/mkfs fs.img fs
used 29 (bit 1 ninode 26) free 29 total 1024
mkdir
ls
rm
usertests
stressfs
ln
cat
sh
init
README
wc
echo
kill
zombie
grep
tester
balloc: first 464 blocks have been allocated
balloc: write bitmap block at sector 28
rm user/bin/tester
make qemu-nox 
Ctrl+a h for help
/u/c/s/cs537-1/ta/tools/qemu -nographic -drive file=fs.img,index=1,media=disk,format=raw -drive file=xv6.img,index=0,media=disk,format=raw -smp 2
xv6...
lapicinit: 1 0xfee00000
cpu1: starting
cpu0: starting
init: starting sh
$ tester
tester
Creating child threads...
Created 57 child threads
Joining all 57 child threads...
All 57 child threads joined
Creating child threads...
Created 61 child threads
Joining all 61 child threads...
All 61 child threads joined
Creating and joining 10000 child threads...
Forking and joining 100 child processes...
PASSED TEST!


test threads_many PASSED (10 of 10)
 (create and join many threads)

starting threads_zombies

**********************************************************************

Test threads_zombies
create many threads, and make them all zombies

**********************************************************************
Running xv6 user progam /u/c/s/cs537-1/ta/tests/4b-new/ctests/threads_zombies.c
Trying to build project using make
make
gcc  -I include -nostdinc -Wall -Werror -ggdb -fno-pic -fno-builtin -fno-strict-aliasing -fno-stack-protector -m32 \
	-M -MG user/tester.c -MF user/tester.d -MT user/tester.d -MT user/tester.o
gcc  -I include -nostdinc -Wall -Werror -ggdb -fno-pic -fno-builtin -fno-strict-aliasing -fno-stack-protector -m32 -c -o user/tester.o user/tester.c
ld  -m    elf_i386 -nostdlib --omagic --entry=main --section-start=.text=0x0 --output=user/bin/tester user/tester.o user/ulib.o user/usys.o user/printf.o user/umalloc.o
cp user/bin/tester fs/tester
./tools/mkfs fs.img fs
used 29 (bit 1 ninode 26) free 29 total 1024
mkdir
ls
rm
usertests
stressfs
ln
cat
sh
init
README
wc
echo
kill
zombie
grep
tester
balloc: first 458 blocks have been allocated
balloc: write bitmap block at sector 28
rm user/bin/tester
make qemu-nox 
Ctrl+a h for help
/u/c/s/cs537-1/ta/tools/qemu -nographic -drive file=fs.img,index=1,media=disk,format=raw -drive file=xv6.img,index=0,media=disk,format=raw -smp 2
xv6...
lapicinit: 1 0xfee00000
cpu1: starting
cpu0: starting
init: starting sh
$ tester
tester
Created 50 child threads, creator thread exiting...
PASSED TEST!


test threads_zombies PASSED (10 of 10)
 (create many threads, and make them all zombies)

starting threads_sbrk

**********************************************************************

Test threads_sbrk
test to make sure threads handle sbrk() correctly

**********************************************************************
Running xv6 user progam /u/c/s/cs537-1/ta/tests/4b-new/ctests/threads_sbrk.c
Trying to build project using make
make
gcc  -I include -nostdinc -Wall -Werror -ggdb -fno-pic -fno-builtin -fno-strict-aliasing -fno-stack-protector -m32 \
	-M -MG user/tester.c -MF user/tester.d -MT user/tester.d -MT user/tester.o
gcc  -I include -nostdinc -Wall -Werror -ggdb -fno-pic -fno-builtin -fno-strict-aliasing -fno-stack-protector -m32 -c -o user/tester.o user/tester.c
ld  -m    elf_i386 -nostdlib --omagic --entry=main --section-start=.text=0x0 --output=user/bin/tester user/tester.o user/ulib.o user/usys.o user/printf.o user/umalloc.o
cp user/bin/tester fs/tester
./tools/mkfs fs.img fs
used 29 (bit 1 ninode 26) free 29 total 1024
mkdir
ls
rm
usertests
stressfs
ln
cat
sh
init
README
wc
echo
kill
zombie
grep
tester
balloc: first 466 blocks have been allocated
balloc: write bitmap block at sector 28
rm user/bin/tester
make qemu-nox 
Ctrl+a h for help
/u/c/s/cs537-1/ta/tools/qemu -nographic -drive file=fs.img,index=1,media=disk,format=raw -drive file=xv6.img,index=0,media=disk,format=raw -smp 2
xv6...
lapicinit: 1 0xfee00000
cpu1: starting
cpu0: starting
init: starting sh
$ tester
tester
Creating 1 thread to call sbrk() once...
Creating 2 threads to call sbrk() many times...
PASSED TEST!


test threads_sbrk PASSED (10 of 10)
 (test to make sure threads handle sbrk() correctly)

starting lock_basic

**********************************************************************

Test lock_basic
basic test for lock correctness

**********************************************************************
Running xv6 user progam /u/c/s/cs537-1/ta/tests/4b-new/ctests/lock_basic.c
Trying to build project using make
make
gcc  -I include -nostdinc -Wall -Werror -ggdb -fno-pic -fno-builtin -fno-strict-aliasing -fno-stack-protector -m32 \
	-M -MG user/tester.c -MF user/tester.d -MT user/tester.d -MT user/tester.o
gcc  -I include -nostdinc -Wall -Werror -ggdb -fno-pic -fno-builtin -fno-strict-aliasing -fno-stack-protector -m32 -c -o user/tester.o user/tester.c
ld  -m    elf_i386 -nostdlib --omagic --entry=main --section-start=.text=0x0 --output=user/bin/tester user/tester.o user/ulib.o user/usys.o user/printf.o user/umalloc.o
cp user/bin/tester fs/tester
./tools/mkfs fs.img fs
used 29 (bit 1 ninode 26) free 29 total 1024
mkdir
ls
rm
usertests
stressfs
ln
cat
sh
init
README
wc
echo
kill
zombie
grep
tester
balloc: first 459 blocks have been allocated
balloc: write bitmap block at sector 28
rm user/bin/tester
make qemu-nox 
Ctrl+a h for help
/u/c/s/cs537-1/ta/tools/qemu -nographic -drive file=fs.img,index=1,media=disk,format=raw -drive file=xv6.img,index=0,media=disk,format=raw -smp 2
xv6...
lapicinit: 1 0xfee00000
cpu1: starting
cpu0: starting
init: starting sh
$ tester
tester
Unblocking all 50 threads...
PASSED TEST!


test lock_basic PASSED (10 of 10)
 (basic test for lock correctness)

starting lock_setup

**********************************************************************

Test lock_setup
test that locks are set up correctly and do not interfere with each other

**********************************************************************
Running xv6 user progam /u/c/s/cs537-1/ta/tests/4b-new/ctests/lock_setup.c
Trying to build project using make
make
gcc  -I include -nostdinc -Wall -Werror -ggdb -fno-pic -fno-builtin -fno-strict-aliasing -fno-stack-protector -m32 \
	-M -MG user/tester.c -MF user/tester.d -MT user/tester.d -MT user/tester.o
gcc  -I include -nostdinc -Wall -Werror -ggdb -fno-pic -fno-builtin -fno-strict-aliasing -fno-stack-protector -m32 -c -o user/tester.o user/tester.c
ld  -m    elf_i386 -nostdlib --omagic --entry=main --section-start=.text=0x0 --output=user/bin/tester user/tester.o user/ulib.o user/usys.o user/printf.o user/umalloc.o
cp user/bin/tester fs/tester
./tools/mkfs fs.img fs
used 29 (bit 1 ninode 26) free 29 total 1024
mkdir
ls
rm
usertests
stressfs
ln
cat
sh
init
README
wc
echo
kill
zombie
grep
tester
balloc: first 460 blocks have been allocated
balloc: write bitmap block at sector 28
rm user/bin/tester
make qemu-nox 
Ctrl+a h for help
/u/c/s/cs537-1/ta/tools/qemu -nographic -drive file=fs.img,index=1,media=disk,format=raw -drive file=xv6.img,index=0,media=disk,format=raw -smp 2
xv6...
lapicinit: 1 0xfee00000
cpu1: starting
cpu0: starting
init: starting sh
$ tester
tester
Unblocking all 50 threads...
Acquiring and releasing multiple locks...
PASSED TEST!


test lock_setup PASSED (10 of 10)
 (test that locks are set up correctly and do not interfere with each other)

**********************************************************************
Summary:
test build PASSED
 (build xv6 using make)

test clone_basic PASSED (10 of 10)
 (test for basic functionailty of clone(), with no cleanup)

test clone_parent_sleep PASSED (10 of 10)
 (test for clone() and join() where the thread terminates before join() is called)

test clone_child_sleep PASSED (10 of 10)
 (basic test for clone() and join())

test clone_arguments FAILED (0 of 10)
 (test for arguments to clone() and join())
 tester failed

test clone_bad PASSED (10 of 10)
 (error tests for clone() and join())

test clone_return PASSED (10 of 10)
 (test for clone() where the thread function returns, requires manual inspection)

test clone_wait PASSED (10 of 10)
 (after clone(), wait() should not succeed)

test fork_join FAILED (0 of 10)
 (after fork(), join() should not succeed)
 Timelimit (10.0s) exceeded

test threads_basic FAILED (0 of 10)
 (basic tests for thread_create() and thread_join())
 tester failed

test threads_many PASSED (10 of 10)
 (create and join many threads)

test threads_zombies PASSED (10 of 10)
 (create many threads, and make them all zombies)

test threads_sbrk PASSED (10 of 10)
 (test to make sure threads handle sbrk() correctly)

test lock_basic PASSED (10 of 10)
 (basic test for lock correctness)

test lock_setup PASSED (10 of 10)
 (test that locks are set up correctly and do not interfere with each other)

Passed 12 of 15 tests.
Overall 12 of 15
Points 110 of 140
